#! /usr/local/bin/vvp
:ivl_version "12.0 (devel)" "(s20150603-955-gd6e01d0c)";
:ivl_delay_selection "TYPICAL";
:vpi_time_precision + 0;
:vpi_module "/usr/local/lib/ivl/system.vpi";
:vpi_module "/usr/local/lib/ivl/vhdl_sys.vpi";
:vpi_module "/usr/local/lib/ivl/vhdl_textio.vpi";
:vpi_module "/usr/local/lib/ivl/v2005_math.vpi";
:vpi_module "/usr/local/lib/ivl/va_math.vpi";
:vpi_module "/usr/local/lib/ivl/v2009.vpi";
S_0x55fceeed2950 .scope package, "$unit" "$unit" 2 1;
 .timescale 0 0;
S_0x55fceeed0d00 .scope module, "cache" "cache" 3 15;
 .timescale 0 0;
    .port_info 0 /INPUT 1 "clk";
    .port_info 1 /INPUT 1 "reset";
    .port_info 2 /OUTPUT 1 "active";
    .port_info 3 /OUTPUT 32 "register_v0";
    .port_info 4 /OUTPUT 32 "address";
    .port_info 5 /OUTPUT 1 "write";
    .port_info 6 /OUTPUT 1 "read";
    .port_info 7 /INPUT 1 "waitrequest";
    .port_info 8 /OUTPUT 32 "writedata";
    .port_info 9 /OUTPUT 4 "byteenable";
    .port_info 10 /INPUT 32 "readdata";
L_0x7f5a986ee018 .functor BUFT 1, C4<000000000000000000000000000000>, C4<0>, C4<0>, C4<0>;
v0x55fceef34920_0 .net *"_ivl_11", 29 0, L_0x7f5a986ee018;  1 drivers
L_0x7f5a986ee060 .functor BUFT 1, C4<00000000000000000000000000000000>, C4<0>, C4<0>, C4<0>;
v0x55fceef34a20_0 .net/2u *"_ivl_12", 31 0, L_0x7f5a986ee060;  1 drivers
v0x55fceef34b00_0 .net *"_ivl_14", 0 0, L_0x55fceef46c50;  1 drivers
v0x55fceef34ba0_0 .net *"_ivl_19", 0 0, L_0x55fceef46dc0;  1 drivers
v0x55fceef34c80_0 .net *"_ivl_20", 31 0, L_0x55fceef46ea0;  1 drivers
L_0x7f5a986ee0a8 .functor BUFT 1, C4<0000000000000000000000000000000>, C4<0>, C4<0>, C4<0>;
v0x55fceef34d60_0 .net *"_ivl_23", 30 0, L_0x7f5a986ee0a8;  1 drivers
L_0x7f5a986ee0f0 .functor BUFT 1, C4<00000000000000000000000000000000>, C4<0>, C4<0>, C4<0>;
v0x55fceef34e40_0 .net/2u *"_ivl_24", 31 0, L_0x7f5a986ee0f0;  1 drivers
v0x55fceef34f20_0 .net *"_ivl_26", 0 0, L_0x55fceef46fe0;  1 drivers
v0x55fceef34fe0_0 .net *"_ivl_30", 31 0, L_0x55fceef471a0;  1 drivers
L_0x7f5a986ee138 .functor BUFT 1, C4<000000000000000000000000000000>, C4<0>, C4<0>, C4<0>;
v0x55fceef35150_0 .net *"_ivl_33", 29 0, L_0x7f5a986ee138;  1 drivers
L_0x7f5a986ee180 .functor BUFT 1, C4<00000000000000000000000000000011>, C4<0>, C4<0>, C4<0>;
v0x55fceef35230_0 .net/2u *"_ivl_34", 31 0, L_0x7f5a986ee180;  1 drivers
v0x55fceef35310_0 .net *"_ivl_36", 0 0, L_0x55fceef47320;  1 drivers
L_0x7f5a986ee1c8 .functor BUFT 1, C4<1>, C4<0>, C4<0>, C4<0>;
v0x55fceef353d0_0 .net/2s *"_ivl_41", 0 0, L_0x7f5a986ee1c8;  1 drivers
v0x55fceef354b0_0 .net *"_ivl_8", 31 0, L_0x55fceef36ac0;  1 drivers
v0x55fceef35590_0 .net "active", 0 0, v0x55fceeef8320_0;  1 drivers
v0x55fceef35630_0 .net "address", 31 0, v0x55fceeefb900_0;  1 drivers
v0x55fceef356d0_0 .net "byteenable", 3 0, L_0x55fceef474c0;  1 drivers
v0x55fceef358a0 .array "cache", 0 4095, 199 0;
v0x55fceef35940_0 .net "cache_address", 11 0, L_0x55fceef36950;  1 drivers
o0x7f5a987410a8 .functor BUFZ 1, C4<z>; HiZ drive
v0x55fceef35a20_0 .net "clk", 0 0, o0x7f5a987410a8;  0 drivers
v0x55fceef35ac0_0 .net "cpu_read", 0 0, v0x55fceef341c0_0;  1 drivers
v0x55fceef35b60_0 .var "cpu_readdata", 31 0;
v0x55fceef35c00_0 .var "cpu_wait", 0 0;
v0x55fceef35cd0_0 .net "cpu_write", 0 0, v0x55fceef345c0_0;  1 drivers
v0x55fceef35da0_0 .var "miss", 0 0;
v0x55fceef35e40_0 .net "offset", 1 0, L_0x55fceef36880;  1 drivers
v0x55fceef35ee0_0 .var "read", 0 0;
o0x7f5a987417f8 .functor BUFZ 32, C4<zzzzzzzzzzzzzzzzzzzzzzzzzzzzzzzz>; HiZ drive
v0x55fceef35f80_0 .net "readdata", 31 0, o0x7f5a987417f8;  0 drivers
v0x55fceef36060_0 .net "register_v0", 31 0, v0x55fceef34360_0;  1 drivers
o0x7f5a98741198 .functor BUFZ 1, C4<z>; HiZ drive
v0x55fceef36150_0 .net "reset", 0 0, o0x7f5a98741198;  0 drivers
v0x55fceef36220_0 .net "tag", 17 0, L_0x55fceef369f0;  1 drivers
o0x7f5a98741858 .functor BUFZ 1, C4<z>; HiZ drive
v0x55fceef362c0_0 .net "waitrequest", 0 0, o0x7f5a98741858;  0 drivers
v0x55fceef36380_0 .var "write", 0 0;
v0x55fceef36650_0 .net "writedata", 31 0, v0x55fceef34680_0;  1 drivers
E_0x55fceef0d6e0 .event posedge, v0x55fceef35da0_0;
E_0x55fceef0e0d0 .event negedge, v0x55fceef362c0_0;
E_0x55fceeef4280 .event posedge, v0x55fceef35ee0_0;
E_0x55fceef02960 .event posedge, v0x55fceef345c0_0;
L_0x55fceef36880 .part v0x55fceeefb900_0, 0, 2;
L_0x55fceef36950 .part v0x55fceeefb900_0, 2, 12;
L_0x55fceef369f0 .part v0x55fceeefb900_0, 14, 18;
L_0x55fceef36ac0 .concat [ 2 30 0 0], L_0x55fceef36880, L_0x7f5a986ee018;
L_0x55fceef46c50 .cmp/eq 32, L_0x55fceef36ac0, L_0x7f5a986ee060;
L_0x55fceef46dc0 .part L_0x55fceef36880, 1, 1;
L_0x55fceef46ea0 .concat [ 1 31 0 0], L_0x55fceef46dc0, L_0x7f5a986ee0a8;
L_0x55fceef46fe0 .cmp/eq 32, L_0x55fceef46ea0, L_0x7f5a986ee0f0;
L_0x55fceef471a0 .concat [ 2 30 0 0], L_0x55fceef36880, L_0x7f5a986ee138;
L_0x55fceef47320 .cmp/ne 32, L_0x55fceef471a0, L_0x7f5a986ee180;
L_0x55fceef474c0 .concat8 [ 1 1 1 1], L_0x55fceef46c50, L_0x55fceef46fe0, L_0x55fceef47320, L_0x7f5a986ee1c8;
S_0x55fceeed0fc0 .scope module, "cpu" "cpu_interface" 3 99, 4 1 0, S_0x55fceeed0d00;
 .timescale 0 0;
    .port_info 0 /INPUT 1 "clk";
    .port_info 1 /INPUT 1 "reset";
    .port_info 2 /OUTPUT 1 "active";
    .port_info 3 /OUTPUT 32 "register_v0";
    .port_info 4 /OUTPUT 32 "address";
    .port_info 5 /OUTPUT 1 "write";
    .port_info 6 /OUTPUT 1 "read";
    .port_info 7 /INPUT 1 "waitrequest";
    .port_info 8 /OUTPUT 32 "writedata";
    .port_info 9 /OUTPUT 4 "byteenable";
    .port_info 10 /INPUT 32 "readdata";
L_0x55fceef00500 .functor NOT 1, v0x55fceef35c00_0, C4<0>, C4<0>, C4<0>;
v0x55fceeef8320_0 .var "active", 0 0;
v0x55fceeefb900_0 .var "address", 31 0;
v0x55fceef33f30_0 .var "byteenable", 3 0;
v0x55fceef33ff0_0 .net "clk", 0 0, o0x7f5a987410a8;  alias, 0 drivers
v0x55fceef340b0_0 .net "cpu_enable", 0 0, L_0x55fceef00500;  1 drivers
v0x55fceef341c0_0 .var "read", 0 0;
v0x55fceef34280_0 .net "readdata", 31 0, v0x55fceef35b60_0;  1 drivers
v0x55fceef34360_0 .var "register_v0", 31 0;
v0x55fceef34440_0 .net "reset", 0 0, o0x7f5a98741198;  alias, 0 drivers
v0x55fceef34500_0 .net "waitrequest", 0 0, v0x55fceef35c00_0;  1 drivers
v0x55fceef345c0_0 .var "write", 0 0;
v0x55fceef34680_0 .var "writedata", 31 0;
    .scope S_0x55fceeed0d00;
T_0 ;
    %pushi/vec4 0, 0, 1;
    %store/vec4 v0x55fceef35da0_0, 0, 1;
    %end;
    .thread T_0, $init;
    .scope S_0x55fceeed0d00;
T_1 ;
    %wait E_0x55fceef02960;
    %pushi/vec4 1, 0, 1;
    %assign/vec4 v0x55fceef35c00_0, 0;
    %pushi/vec4 1, 0, 1;
    %assign/vec4 v0x55fceef36380_0, 0;
    %load/vec4 v0x55fceef35940_0;
    %pad/u 14;
    %ix/vec4 4;
    %load/vec4a v0x55fceef358a0, 4;
    %parti/s 50, 100, 8;
    %load/vec4 v0x55fceef35940_0;
    %pad/u 14;
    %ix/vec4 3;
    %ix/load 4, 150, 0; part off
    %ix/load 5, 0, 0; Constant delay
    %assign/vec4/a/d v0x55fceef358a0, 4, 5;
    %load/vec4 v0x55fceef35940_0;
    %pad/u 14;
    %ix/vec4 4;
    %load/vec4a v0x55fceef358a0, 4;
    %parti/s 50, 50, 7;
    %load/vec4 v0x55fceef35940_0;
    %pad/u 14;
    %ix/vec4 3;
    %ix/load 4, 100, 0; part off
    %ix/load 5, 0, 0; Constant delay
    %assign/vec4/a/d v0x55fceef358a0, 4, 5;
    %load/vec4 v0x55fceef35940_0;
    %pad/u 14;
    %ix/vec4 4;
    %load/vec4a v0x55fceef358a0, 4;
    %parti/s 50, 0, 2;
    %load/vec4 v0x55fceef35940_0;
    %pad/u 14;
    %ix/vec4 3;
    %ix/load 4, 50, 0; part off
    %ix/load 5, 0, 0; Constant delay
    %assign/vec4/a/d v0x55fceef358a0, 4, 5;
    %load/vec4 v0x55fceef36220_0;
    %load/vec4 v0x55fceef36650_0;
    %concat/vec4; draw_concat_vec4
    %load/vec4 v0x55fceef35940_0;
    %pad/u 14;
    %ix/vec4 3;
    %ix/load 4, 0, 0; Constant delay
    %assign/vec4/a/d v0x55fceef358a0, 0, 4;
    %pushi/vec4 0, 0, 1;
    %assign/vec4 v0x55fceef35c00_0, 0;
    %wait E_0x55fceef0e0d0;
    %pushi/vec4 0, 0, 1;
    %assign/vec4 v0x55fceef36380_0, 0;
    %jmp T_1;
    .thread T_1;
    .scope S_0x55fceeed0d00;
T_2 ;
    %wait E_0x55fceeef4280;
    %pushi/vec4 1, 0, 1;
    %assign/vec4 v0x55fceef35c00_0, 0;
    %load/vec4 v0x55fceef35940_0;
    %pad/u 14;
    %ix/vec4 4;
    %load/vec4a v0x55fceef358a0, 4;
    %parti/s 18, 32, 7;
    %load/vec4 v0x55fceef36220_0;
    %cmp/e;
    %flag_mov 8, 4;
    %jmp/0 T_2.0, 8;
    %load/vec4 v0x55fceef35940_0;
    %pad/u 14;
    %ix/vec4 4;
    %load/vec4a v0x55fceef358a0, 4;
    %parti/s 32, 0, 2;
    %pad/u 50;
    %jmp/1 T_2.1, 8;
T_2.0 ; End of true expr.
    %load/vec4 v0x55fceef35940_0;
    %pad/u 14;
    %ix/vec4 4;
    %load/vec4a v0x55fceef358a0, 4;
    %parti/s 18, 82, 8;
    %load/vec4 v0x55fceef36220_0;
    %cmp/e;
    %flag_mov 9, 4;
    %jmp/0 T_2.2, 9;
    %load/vec4 v0x55fceef35940_0;
    %pad/u 14;
    %ix/vec4 4;
    %load/vec4a v0x55fceef358a0, 4;
    %parti/s 32, 50, 7;
    %pad/u 50;
    %jmp/1 T_2.3, 9;
T_2.2 ; End of true expr.
    %load/vec4 v0x55fceef35940_0;
    %pad/u 14;
    %ix/vec4 4;
    %load/vec4a v0x55fceef358a0, 4;
    %parti/s 18, 132, 9;
    %load/vec4 v0x55fceef36220_0;
    %cmp/e;
    %flag_mov 10, 4;
    %jmp/0 T_2.4, 10;
    %load/vec4 v0x55fceef35940_0;
    %pad/u 14;
    %ix/vec4 4;
    %load/vec4a v0x55fceef358a0, 4;
    %parti/s 32, 100, 8;
    %pad/u 50;
    %jmp/1 T_2.5, 10;
T_2.4 ; End of true expr.
    %load/vec4 v0x55fceef35940_0;
    %pad/u 14;
    %ix/vec4 4;
    %load/vec4a v0x55fceef358a0, 4;
    %parti/s 18, 182, 9;
    %load/vec4 v0x55fceef36220_0;
    %cmp/e;
    %flag_mov 11, 4;
    %jmp/0 T_2.6, 11;
    %load/vec4 v0x55fceef35940_0;
    %pad/u 14;
    %ix/vec4 4;
    %load/vec4a v0x55fceef358a0, 4;
    %parti/s 32, 0, 2;
    %pad/u 50;
    %jmp/1 T_2.7, 11;
T_2.6 ; End of true expr.
    %pushi/vec4 0, 4294967295, 32;
    %concati/vec4 0, 262143, 18;
    %jmp/0 T_2.7, 11;
 ; End of false expr.
    %blend;
T_2.7;
    %jmp/0 T_2.5, 10;
 ; End of false expr.
    %blend;
T_2.5;
    %jmp/0 T_2.3, 9;
 ; End of false expr.
    %blend;
T_2.3;
    %jmp/0 T_2.1, 8;
 ; End of false expr.
    %blend;
T_2.1;
    %pad/u 32;
    %assign/vec4 v0x55fceef35b60_0, 0;
    %load/vec4 v0x55fceef35b60_0;
    %pad/u 50;
    %pushi/vec4 0, 4294967295, 32;
    %concati/vec4 0, 262143, 18;
    %cmp/e;
    %flag_get/vec4 4;
    %assign/vec4 v0x55fceef35da0_0, 0;
    %load/vec4 v0x55fceef35da0_0;
    %assign/vec4 v0x55fceef35c00_0, 0;
    %jmp T_2;
    .thread T_2;
    .scope S_0x55fceeed0d00;
T_3 ;
    %wait E_0x55fceef0d6e0;
    %pushi/vec4 1, 0, 1;
    %assign/vec4 v0x55fceef35ee0_0, 0;
    %wait E_0x55fceef0e0d0;
    %load/vec4 v0x55fceef35f80_0;
    %assign/vec4 v0x55fceef35b60_0, 0;
    %pushi/vec4 0, 0, 1;
    %assign/vec4 v0x55fceef35ee0_0, 0;
    %pushi/vec4 0, 0, 1;
    %assign/vec4 v0x55fceef35c00_0, 0;
    %load/vec4 v0x55fceef35940_0;
    %pad/u 14;
    %ix/vec4 4;
    %load/vec4a v0x55fceef358a0, 4;
    %parti/s 50, 100, 8;
    %load/vec4 v0x55fceef35940_0;
    %pad/u 14;
    %ix/vec4 3;
    %ix/load 4, 150, 0; part off
    %ix/load 5, 0, 0; Constant delay
    %assign/vec4/a/d v0x55fceef358a0, 4, 5;
    %load/vec4 v0x55fceef35940_0;
    %pad/u 14;
    %ix/vec4 4;
    %load/vec4a v0x55fceef358a0, 4;
    %parti/s 50, 50, 7;
    %load/vec4 v0x55fceef35940_0;
    %pad/u 14;
    %ix/vec4 3;
    %ix/load 4, 100, 0; part off
    %ix/load 5, 0, 0; Constant delay
    %assign/vec4/a/d v0x55fceef358a0, 4, 5;
    %load/vec4 v0x55fceef35940_0;
    %pad/u 14;
    %ix/vec4 4;
    %load/vec4a v0x55fceef358a0, 4;
    %parti/s 50, 0, 2;
    %load/vec4 v0x55fceef35940_0;
    %pad/u 14;
    %ix/vec4 3;
    %ix/load 4, 50, 0; part off
    %ix/load 5, 0, 0; Constant delay
    %assign/vec4/a/d v0x55fceef358a0, 4, 5;
    %load/vec4 v0x55fceef36220_0;
    %load/vec4 v0x55fceef35f80_0;
    %concat/vec4; draw_concat_vec4
    %load/vec4 v0x55fceef35940_0;
    %pad/u 14;
    %ix/vec4 3;
    %ix/load 4, 0, 0; Constant delay
    %assign/vec4/a/d v0x55fceef358a0, 0, 4;
    %jmp T_3;
    .thread T_3;
# The file index is used to find the file name in the following table.
:file_names 5;
    "N/A";
    "<interactive>";
    "-";
    "cache.v";
    "./cpu_interface.v";
