#! /usr/local/bin/vvp
:ivl_version "12.0 (devel)" "(s20150603-955-gd6e01d0c)";
:ivl_delay_selection "TYPICAL";
:vpi_time_precision + 0;
:vpi_module "/usr/local/lib/ivl/system.vpi";
:vpi_module "/usr/local/lib/ivl/vhdl_sys.vpi";
:vpi_module "/usr/local/lib/ivl/vhdl_textio.vpi";
:vpi_module "/usr/local/lib/ivl/v2005_math.vpi";
:vpi_module "/usr/local/lib/ivl/va_math.vpi";
S_0x55b5644d6950 .scope module, "cache_test" "cache_test" 2 4;
 .timescale 0 0;
o0x7fb4fd04c018 .functor BUFZ 1, C4<z>; HiZ drive
v0x55b5645334b0_0 .net "active", 0 0, o0x7fb4fd04c018;  0 drivers
v0x55b564533570_0 .var "address", 31 0;
v0x55b564533610_0 .var "byteenable", 3 0;
v0x55b5645336e0_0 .var "clk", 0 0;
v0x55b5645337b0_0 .var "read", 0 0;
v0x55b564533850_0 .net "readdata", 31 0, v0x55b564532d30_0;  1 drivers
o0x7fb4fd04c1f8 .functor BUFZ 1, C4<z>; HiZ drive
v0x55b564533920_0 .net "reset", 0 0, o0x7fb4fd04c1f8;  0 drivers
v0x55b5645339f0_0 .net "waitrequest", 0 0, v0x55b564533090_0;  1 drivers
v0x55b564533ac0_0 .var "write", 0 0;
v0x55b564533c20_0 .var "writedata", 31 0;
E_0x55b56450d780 .event negedge, v0x55b564533090_0;
E_0x55b56450e280 .event posedge, v0x55b564532a10_0;
S_0x55b564516350 .scope module, "c" "cache" 2 16, 3 13 0, S_0x55b5644d6950;
 .timescale 0 0;
    .port_info 0 /INPUT 1 "clk";
    .port_info 1 /INPUT 1 "reset";
    .port_info 2 /INPUT 1 "active";
    .port_info 3 /INPUT 32 "register_v0";
    .port_info 4 /INPUT 32 "address";
    .port_info 5 /INPUT 1 "write";
    .port_info 6 /INPUT 1 "read";
    .port_info 7 /OUTPUT 1 "waitrequest";
    .port_info 8 /INPUT 32 "writedata";
    .port_info 9 /INPUT 4 "byteenable";
    .port_info 10 /OUTPUT 32 "readdata";
v0x55b5645023a0_0 .net "active", 0 0, o0x7fb4fd04c018;  alias, 0 drivers
v0x55b5645026a0_0 .net "address", 31 0, v0x55b564533570_0;  1 drivers
v0x55b564502b80_0 .net "byteenable", 3 0, v0x55b564533610_0;  1 drivers
v0x55b564532840 .array "cache", 0 4095, 199 0;
v0x55b5645328e0_0 .net "cache_address", 11 0, L_0x55b564533dc0;  1 drivers
v0x55b564532a10_0 .net "clk", 0 0, v0x55b5645336e0_0;  1 drivers
v0x55b564532ad0_0 .var "miss", 0 0;
v0x55b564532b90_0 .net "offset", 1 0, L_0x55b564533cf0;  1 drivers
v0x55b564532c70_0 .net "read", 0 0, v0x55b5645337b0_0;  1 drivers
v0x55b564532d30_0 .var "readdata", 31 0;
o0x7fb4fd04c1c8 .functor BUFZ 32, C4<zzzzzzzzzzzzzzzzzzzzzzzzzzzzzzzz>; HiZ drive
v0x55b564532e10_0 .net "register_v0", 31 0, o0x7fb4fd04c1c8;  0 drivers
v0x55b564532ef0_0 .net "reset", 0 0, o0x7fb4fd04c1f8;  alias, 0 drivers
v0x55b564532fb0_0 .net "tag", 17 0, L_0x55b564533e60;  1 drivers
v0x55b564533090_0 .var "waitrequest", 0 0;
v0x55b564533150_0 .net "write", 0 0, v0x55b564533ac0_0;  1 drivers
v0x55b564533210_0 .net "writedata", 31 0, v0x55b564533c20_0;  1 drivers
E_0x55b5644f7bc0 .event posedge, v0x55b564532ad0_0;
E_0x55b564503400 .event posedge, v0x55b564532c70_0;
E_0x55b564503710 .event posedge, v0x55b564533150_0;
L_0x55b564533cf0 .part v0x55b564533570_0, 0, 2;
L_0x55b564533dc0 .part v0x55b564533570_0, 2, 12;
L_0x55b564533e60 .part v0x55b564533570_0, 14, 18;
    .scope S_0x55b564516350;
T_0 ;
    %pushi/vec4 0, 0, 1;
    %store/vec4 v0x55b564533090_0, 0, 1;
    %pushi/vec4 0, 0, 1;
    %store/vec4 v0x55b564532ad0_0, 0, 1;
    %end;
    .thread T_0;
    .scope S_0x55b564516350;
T_1 ;
    %wait E_0x55b564503710;
    %vpi_call 3 53 "$display", "writing %h to %h, tag: %h", v0x55b564533210_0, v0x55b5645026a0_0, v0x55b564532fb0_0 {0 0 0};
    %pushi/vec4 1, 0, 1;
    %assign/vec4 v0x55b564533090_0, 0;
    %load/vec4 v0x55b5645328e0_0;
    %pad/u 14;
    %ix/vec4 4;
    %load/vec4a v0x55b564532840, 4;
    %parti/s 50, 100, 8;
    %load/vec4 v0x55b5645328e0_0;
    %pad/u 14;
    %ix/vec4 3;
    %ix/load 4, 150, 0; part off
    %ix/load 5, 0, 0; Constant delay
    %assign/vec4/a/d v0x55b564532840, 4, 5;
    %load/vec4 v0x55b5645328e0_0;
    %pad/u 14;
    %ix/vec4 4;
    %load/vec4a v0x55b564532840, 4;
    %parti/s 50, 50, 7;
    %load/vec4 v0x55b5645328e0_0;
    %pad/u 14;
    %ix/vec4 3;
    %ix/load 4, 100, 0; part off
    %ix/load 5, 0, 0; Constant delay
    %assign/vec4/a/d v0x55b564532840, 4, 5;
    %load/vec4 v0x55b5645328e0_0;
    %pad/u 14;
    %ix/vec4 4;
    %load/vec4a v0x55b564532840, 4;
    %parti/s 50, 0, 2;
    %load/vec4 v0x55b5645328e0_0;
    %pad/u 14;
    %ix/vec4 3;
    %ix/load 4, 50, 0; part off
    %ix/load 5, 0, 0; Constant delay
    %assign/vec4/a/d v0x55b564532840, 4, 5;
    %load/vec4 v0x55b564532fb0_0;
    %load/vec4 v0x55b564533210_0;
    %concat/vec4; draw_concat_vec4
    %load/vec4 v0x55b5645328e0_0;
    %pad/u 14;
    %ix/vec4 3;
    %ix/load 4, 0, 0; Constant delay
    %assign/vec4/a/d v0x55b564532840, 0, 4;
    %load/vec4 v0x55b5645328e0_0;
    %pad/u 14;
    %ix/vec4 4;
    %load/vec4a v0x55b564532840, 4;
    %parti/s 50, 0, 2;
    %vpi_call 3 53 "$display", "Wrote %h to cache", S<0,vec4,u50> {1 0 0};
    %pushi/vec4 0, 0, 1;
    %assign/vec4 v0x55b564533090_0, 0;
    %jmp T_1;
    .thread T_1;
    .scope S_0x55b564516350;
T_2 ;
    %wait E_0x55b564503400;
    %vpi_call 3 65 "$display", "reading %h, looking for %h", v0x55b5645026a0_0, v0x55b564532fb0_0 {0 0 0};
    %pushi/vec4 1, 0, 1;
    %assign/vec4 v0x55b564533090_0, 0;
    %load/vec4 v0x55b5645328e0_0;
    %pad/u 14;
    %ix/vec4 4;
    %load/vec4a v0x55b564532840, 4;
    %parti/s 18, 32, 7;
    %load/vec4 v0x55b564532fb0_0;
    %cmp/e;
    %flag_mov 8, 4;
    %jmp/0 T_2.0, 8;
    %load/vec4 v0x55b5645328e0_0;
    %pad/u 14;
    %ix/vec4 4;
    %load/vec4a v0x55b564532840, 4;
    %parti/s 32, 0, 2;
    %pad/u 50;
    %jmp/1 T_2.1, 8;
T_2.0 ; End of true expr.
    %load/vec4 v0x55b5645328e0_0;
    %pad/u 14;
    %ix/vec4 4;
    %load/vec4a v0x55b564532840, 4;
    %parti/s 18, 82, 8;
    %load/vec4 v0x55b564532fb0_0;
    %cmp/e;
    %flag_mov 9, 4;
    %jmp/0 T_2.2, 9;
    %load/vec4 v0x55b5645328e0_0;
    %pad/u 14;
    %ix/vec4 4;
    %load/vec4a v0x55b564532840, 4;
    %parti/s 32, 50, 7;
    %pad/u 50;
    %jmp/1 T_2.3, 9;
T_2.2 ; End of true expr.
    %load/vec4 v0x55b5645328e0_0;
    %pad/u 14;
    %ix/vec4 4;
    %load/vec4a v0x55b564532840, 4;
    %parti/s 18, 132, 9;
    %load/vec4 v0x55b564532fb0_0;
    %cmp/e;
    %flag_mov 10, 4;
    %jmp/0 T_2.4, 10;
    %load/vec4 v0x55b5645328e0_0;
    %pad/u 14;
    %ix/vec4 4;
    %load/vec4a v0x55b564532840, 4;
    %parti/s 32, 100, 8;
    %pad/u 50;
    %jmp/1 T_2.5, 10;
T_2.4 ; End of true expr.
    %load/vec4 v0x55b5645328e0_0;
    %pad/u 14;
    %ix/vec4 4;
    %load/vec4a v0x55b564532840, 4;
    %parti/s 18, 182, 9;
    %load/vec4 v0x55b564532fb0_0;
    %cmp/e;
    %flag_mov 11, 4;
    %jmp/0 T_2.6, 11;
    %load/vec4 v0x55b5645328e0_0;
    %pad/u 14;
    %ix/vec4 4;
    %load/vec4a v0x55b564532840, 4;
    %parti/s 32, 0, 2;
    %pad/u 50;
    %jmp/1 T_2.7, 11;
T_2.6 ; End of true expr.
    %pushi/vec4 0, 4294967295, 32;
    %concati/vec4 0, 262143, 18;
    %jmp/0 T_2.7, 11;
 ; End of false expr.
    %blend;
T_2.7;
    %jmp/0 T_2.5, 10;
 ; End of false expr.
    %blend;
T_2.5;
    %jmp/0 T_2.3, 9;
 ; End of false expr.
    %blend;
T_2.3;
    %jmp/0 T_2.1, 8;
 ; End of false expr.
    %blend;
T_2.1;
    %pad/u 32;
    %assign/vec4 v0x55b564532d30_0, 0;
    %load/vec4 v0x55b564532d30_0;
    %pad/u 50;
    %pushi/vec4 0, 4294967295, 32;
    %concati/vec4 0, 262143, 18;
    %cmp/e;
    %flag_get/vec4 4;
    %assign/vec4 v0x55b564532ad0_0, 0;
    %pushi/vec4 0, 0, 1;
    %assign/vec4 v0x55b564533090_0, 0;
    %jmp T_2;
    .thread T_2;
    .scope S_0x55b564516350;
T_3 ;
    %wait E_0x55b5644f7bc0;
    %vpi_call 3 70 "$display", "miss on %h", v0x55b5645026a0_0 {0 0 0};
    %jmp T_3;
    .thread T_3;
    .scope S_0x55b5644d6950;
T_4 ;
    %pushi/vec4 0, 0, 1;
    %store/vec4 v0x55b5645336e0_0, 0, 1;
    %delay 10, 0;
    %pushi/vec4 1, 0, 1;
    %store/vec4 v0x55b5645336e0_0, 0, 1;
    %delay 10, 0;
    %jmp T_4;
    .thread T_4;
    .scope S_0x55b5644d6950;
T_5 ;
    %pushi/vec4 65535, 0, 32;
    %assign/vec4 v0x55b564533570_0, 0;
    %pushi/vec4 2880154539, 0, 32;
    %assign/vec4 v0x55b564533c20_0, 0;
    %pushi/vec4 1, 0, 1;
    %assign/vec4 v0x55b564533ac0_0, 0;
    %wait E_0x55b56450d780;
    %pushi/vec4 0, 0, 1;
    %assign/vec4 v0x55b564533ac0_0, 0;
    %wait E_0x55b56450e280;
    %pushi/vec4 16448250, 0, 32;
    %assign/vec4 v0x55b564533570_0, 0;
    %pushi/vec4 1, 0, 1;
    %assign/vec4 v0x55b5645337b0_0, 0;
    %wait E_0x55b56450d780;
    %pushi/vec4 0, 0, 1;
    %assign/vec4 v0x55b5645337b0_0, 0;
    %vpi_call 2 55 "$display", "Read: %h", v0x55b564533850_0 {0 0 0};
    %wait E_0x55b56450e280;
    %pushi/vec4 65535, 0, 32;
    %assign/vec4 v0x55b564533570_0, 0;
    %pushi/vec4 1, 0, 1;
    %assign/vec4 v0x55b5645337b0_0, 0;
    %wait E_0x55b56450d780;
    %pushi/vec4 0, 0, 1;
    %assign/vec4 v0x55b5645337b0_0, 0;
    %vpi_call 2 55 "$display", "Read: %h", v0x55b564533850_0 {0 0 0};
    %vpi_call 2 55 "$finish" {0 0 0};
    %end;
    .thread T_5;
# The file index is used to find the file name in the following table.
:file_names 4;
    "N/A";
    "<interactive>";
    "test/cache.v";
    "./cache.vh";
